This is pdfTeX, Version 3.141592653-2.6-1.40.23 (TeX Live 2021/W32TeX) (preloaded format=pdflatex 2022.4.1)  28 MAR 2023 01:10
entering extended mode
 restricted \write18 enabled.
 %&-line parsing enabled.
**tesis.tex
(./tesis.tex
LaTeX2e <2021-11-15> patch level 1
L3 programming layer <2022-02-24> (./templates/facsothesis.cls
Document Class: templates/facsothesis 2004/01/27 The Reed College Thesis Class

(c:/Users/Francisco Meneses R/AppData/Roaming/TinyTeX/texmf-dist/tex/latex/base
/book.cls
Document Class: book 2021/10/04 v1.4n Standard LaTeX document class

(c:/Users/Francisco Meneses R/AppData/Roaming/TinyTeX/texmf-dist/tex/latex/base
/bk12.clo
File: bk12.clo 2021/10/04 v1.4n Standard LaTeX file (size option)
)
\c@part=\count185
\c@chapter=\count186
\c@section=\count187
\c@subsection=\count188
\c@subsubsection=\count189
\c@paragraph=\count190
\c@subparagraph=\count191
\c@figure=\count192
\c@table=\count193
\abovecaptionskip=\skip47
\belowcaptionskip=\skip48
\bibindent=\dimen138
)
(c:/Users/Francisco Meneses R/AppData/Roaming/TinyTeX/texmf-dist/tex/latex/fanc
yhdr/fancyhdr.sty
Package: fancyhdr 2021/01/28 v4.0.1 Extensive control of page headers and foote
rs
\f@nch@headwidth=\skip49
\f@nch@O@elh=\skip50
\f@nch@O@erh=\skip51
\f@nch@O@olh=\skip52
\f@nch@O@orh=\skip53
\f@nch@O@elf=\skip54
\f@nch@O@erf=\skip55
\f@nch@O@olf=\skip56
\f@nch@O@orf=\skip57
)
(c:/Users/Francisco Meneses R/AppData/Roaming/TinyTeX/texmf-dist/tex/latex/fanc
yvrb/fancyvrb.sty
Package: fancyvrb 2021/12/21 4.1b verbatim text (tvz,hv)

(c:/Users/Francisco Meneses R/AppData/Roaming/TinyTeX/texmf-dist/tex/latex/grap
hics/keyval.sty
Package: keyval 2014/10/28 v1.15 key=value parser (DPC)
\KV@toks@=\toks16
)
\FV@CodeLineNo=\count194
\FV@InFile=\read2
\FV@TabBox=\box50
\c@FancyVerbLine=\count195
\FV@StepNumber=\count196
\FV@OutFile=\write3
)
(c:/Users/Francisco Meneses R/AppData/Roaming/TinyTeX/texmf-dist/tex/generic/if
tex/ifxetex.sty
Package: ifxetex 2019/10/25 v0.7 ifxetex legacy package. Use iftex instead.

(c:/Users/Francisco Meneses R/AppData/Roaming/TinyTeX/texmf-dist/tex/generic/if
tex/iftex.sty
Package: iftex 2022/02/03 v1.0f TeX engine tests
))
(c:/Users/Francisco Meneses R/AppData/Roaming/TinyTeX/texmf-dist/tex/generic/if
tex/ifluatex.sty
Package: ifluatex 2019/10/25 v1.5 ifluatex legacy package. Use iftex instead.
)
(c:/Users/Francisco Meneses R/AppData/Roaming/TinyTeX/texmf-dist/tex/latex/base
/fixltx2e.sty
Package: fixltx2e 2016/12/29 v2.1a fixes to LaTeX (obsolete)
Applying: [2015/01/01] Old fixltx2e package on input line 46.

Package fixltx2e Warning: fixltx2e is not required with releases after 2015
(fixltx2e)                All fixes are now in the LaTeX kernel.
(fixltx2e)                See the latexrelease package for details.

Already applied: [0000/00/00] Old fixltx2e package on input line 53.
)
(c:/Users/Francisco Meneses R/AppData/Roaming/TinyTeX/texmf-dist/tex/latex/base
/fontenc.sty
Package: fontenc 2021/04/29 v2.0v Standard LaTeX package
)
(c:/Users/Francisco Meneses R/AppData/Roaming/TinyTeX/texmf-dist/tex/latex/base
/inputenc.sty
Package: inputenc 2021/02/14 v1.3d Input encoding file
\inpenc@prehook=\toks17
\inpenc@posthook=\toks18
)
(c:/Users/Francisco Meneses R/AppData/Roaming/TinyTeX/texmf-dist/tex/latex/grap
hics/color.sty
Package: color 2021/12/07 v1.3c Standard LaTeX Color (DPC)

(c:/Users/Francisco Meneses R/AppData/Roaming/TinyTeX/texmf-dist/tex/latex/grap
hics-cfg/color.cfg
File: color.cfg 2016/01/02 v1.6 sample color configuration
)
Package color Info: Driver file: pdftex.def on input line 149.

(c:/Users/Francisco Meneses R/AppData/Roaming/TinyTeX/texmf-dist/tex/latex/grap
hics-def/pdftex.def
File: pdftex.def 2020/10/05 v1.2a Graphics/color driver for pdftex
))
(c:/Users/Francisco Meneses R/AppData/Roaming/TinyTeX/texmf-dist/tex/latex/fram
ed/framed.sty
Package: framed 2011/10/22 v 0.96: framed or shaded text with page breaks
\OuterFrameSep=\skip58
\fb@frw=\dimen139
\fb@frh=\dimen140
\FrameRule=\dimen141
\FrameSep=\dimen142
))
(c:/Users/Francisco Meneses R/AppData/Roaming/TinyTeX/texmf-dist/tex/generic/ba
bel/babel.sty
Package: babel 2022/02/26 3.73 The Babel package
\babel@savecnt=\count197
\U@D=\dimen143
\l@unhyphenated=\language4

(c:/Users/Francisco Meneses R/AppData/Roaming/TinyTeX/texmf-dist/tex/generic/ba
bel/txtbabel.def)
\bbl@readstream=\read3
\bbl@dirlevel=\count198

(c:/Users/Francisco Meneses R/AppData/Roaming/TinyTeX/texmf-dist/tex/generic/ba
bel-spanish/spanish.ldf
Language: spanish.ldf 2021/05/27 v5.0q Spanish support from the babel system
\es@quottoks=\toks19
\es@quotdepth=\count199
Package babel Info: Making " an active character on input line 570.
Package babel Info: Making . an active character on input line 675.
Package babel Info: Making < an active character on input line 722.
Package babel Info: Making > an active character on input line 722.
))
(c:/Users/Francisco Meneses R/AppData/Roaming/TinyTeX/texmf-dist/tex/latex/grap
hics/graphicx.sty
Package: graphicx 2021/09/16 v1.2d Enhanced LaTeX Graphics (DPC,SPQR)

(c:/Users/Francisco Meneses R/AppData/Roaming/TinyTeX/texmf-dist/tex/latex/grap
hics/graphics.sty
Package: graphics 2021/03/04 v1.4d Standard LaTeX Graphics (DPC,SPQR)

(c:/Users/Francisco Meneses R/AppData/Roaming/TinyTeX/texmf-dist/tex/latex/grap
hics/trig.sty
Package: trig 2021/08/11 v1.11 sin cos tan (DPC)
)
(c:/Users/Francisco Meneses R/AppData/Roaming/TinyTeX/texmf-dist/tex/latex/grap
hics-cfg/graphics.cfg
File: graphics.cfg 2016/06/04 v1.11 sample graphics configuration
)
Package graphics Info: Driver file: pdftex.def on input line 107.
)
\Gin@req@height=\dimen144
\Gin@req@width=\dimen145
)
(c:/Users/Francisco Meneses R/AppData/Roaming/TinyTeX/texmf-dist/tex/latex/base
/latexsym.sty
Package: latexsym 1998/08/17 v2.2e Standard LaTeX package (lasy symbols)
\symlasy=\mathgroup4
LaTeX Font Info:    Overwriting symbol font `lasy' in version `bold'
(Font)                  U/lasy/m/n --> U/lasy/b/n on input line 52.
)
(c:/Users/Francisco Meneses R/AppData/Roaming/TinyTeX/texmf-dist/tex/latex/amsm
ath/amsmath.sty
Package: amsmath 2021/10/15 v2.17l AMS math features
\@mathmargin=\skip59
For additional information on amsmath, use the `?' option.

(c:/Users/Francisco Meneses R/AppData/Roaming/TinyTeX/texmf-dist/tex/latex/amsm
ath/amstext.sty
Package: amstext 2021/08/26 v2.01 AMS text

(c:/Users/Francisco Meneses R/AppData/Roaming/TinyTeX/texmf-dist/tex/latex/amsm
ath/amsgen.sty
File: amsgen.sty 1999/11/30 v2.0 generic functions
\@emptytoks=\toks20
\ex@=\dimen146
))
(c:/Users/Francisco Meneses R/AppData/Roaming/TinyTeX/texmf-dist/tex/latex/amsm
ath/amsbsy.sty
Package: amsbsy 1999/11/29 v1.2d Bold Symbols
\pmbraise@=\dimen147
)
(c:/Users/Francisco Meneses R/AppData/Roaming/TinyTeX/texmf-dist/tex/latex/amsm
ath/amsopn.sty
Package: amsopn 2021/08/26 v2.02 operator names
)
\inf@bad=\count266
LaTeX Info: Redefining \frac on input line 234.
\uproot@=\count267
\leftroot@=\count268
LaTeX Info: Redefining \overline on input line 399.
\classnum@=\count269
\DOTSCASE@=\count270
LaTeX Info: Redefining \ldots on input line 496.
LaTeX Info: Redefining \dots on input line 499.
LaTeX Info: Redefining \cdots on input line 620.
\Mathstrutbox@=\box51
\strutbox@=\box52
\big@size=\dimen148
LaTeX Font Info:    Redeclaring font encoding OML on input line 743.
LaTeX Font Info:    Redeclaring font encoding OMS on input line 744.
\macc@depth=\count271
\c@MaxMatrixCols=\count272
\dotsspace@=\muskip16
\c@parentequation=\count273
\dspbrk@lvl=\count274
\tag@help=\toks21
\row@=\count275
\column@=\count276
\maxfields@=\count277
\andhelp@=\toks22
\eqnshift@=\dimen149
\alignsep@=\dimen150
\tagshift@=\dimen151
\tagwidth@=\dimen152
\totwidth@=\dimen153
\lineht@=\dimen154
\@envbody=\toks23
\multlinegap=\skip60
\multlinetaggap=\skip61
\mathdisplay@stack=\toks24
LaTeX Info: Redefining \[ on input line 2938.
LaTeX Info: Redefining \] on input line 2939.
)
(c:/Users/Francisco Meneses R/AppData/Roaming/TinyTeX/texmf-dist/tex/latex/amsf
onts/amssymb.sty
Package: amssymb 2013/01/14 v3.01 AMS font symbols

(c:/Users/Francisco Meneses R/AppData/Roaming/TinyTeX/texmf-dist/tex/latex/amsf
onts/amsfonts.sty
Package: amsfonts 2013/01/14 v3.01 Basic AMSFonts support
\symAMSa=\mathgroup5
\symAMSb=\mathgroup6
LaTeX Font Info:    Redeclaring math symbol \hbar on input line 98.
LaTeX Font Info:    Overwriting math alphabet `\mathfrak' in version `bold'
(Font)                  U/euf/m/n --> U/euf/b/n on input line 106.
))
(c:/Users/Francisco Meneses R/AppData/Roaming/TinyTeX/texmf-dist/tex/latex/amsc
ls/amsthm.sty
Package: amsthm 2020/05/29 v2.20.6
\thm@style=\toks25
\thm@bodyfont=\toks26
\thm@headfont=\toks27
\thm@notefont=\toks28
\thm@headpunct=\toks29
\thm@preskip=\skip62
\thm@postskip=\skip63
\thm@headsep=\skip64
\dth@everypar=\toks30
)
(c:/Users/Francisco Meneses R/AppData/Roaming/TinyTeX/texmf-dist/tex/latex/tool
s/longtable.sty
Package: longtable 2021-09-01 v4.17 Multi-page Table package (DPC)
\LTleft=\skip65
\LTright=\skip66
\LTpre=\skip67
\LTpost=\skip68
\LTchunksize=\count278
\LTcapwidth=\dimen155
\LT@head=\box53
\LT@firsthead=\box54
\LT@foot=\box55
\LT@lastfoot=\box56
\LT@gbox=\box57
\LT@cols=\count279
\LT@rows=\count280
\c@LT@tables=\count281
\c@LT@chunks=\count282
\LT@p@ftn=\toks31
)
(c:/Users/Francisco Meneses R/AppData/Roaming/TinyTeX/texmf-dist/tex/latex/book
tabs/booktabs.sty
Package: booktabs 2020/01/12 v1.61803398 Publication quality tables
\heavyrulewidth=\dimen156
\lightrulewidth=\dimen157
\cmidrulewidth=\dimen158
\belowrulesep=\dimen159
\belowbottomsep=\dimen160
\aboverulesep=\dimen161
\abovetopsep=\dimen162
\cmidrulesep=\dimen163
\cmidrulekern=\dimen164
\defaultaddspace=\dimen165
\@cmidla=\count283
\@cmidlb=\count284
\@aboverulesep=\dimen166
\@belowrulesep=\dimen167
\@thisruleclass=\count285
\@lastruleclass=\count286
\@thisrulewidth=\dimen168
)
(c:/Users/Francisco Meneses R/AppData/Roaming/TinyTeX/texmf-dist/tex/latex/sets
pace/setspace.sty
Package: setspace 2011/12/19 v6.7a set line spacing
)
(c:/Users/Francisco Meneses R/AppData/Roaming/TinyTeX/texmf-dist/tex/latex/ober
diek/chemarr.sty
Package: chemarr 2016/05/16 v1.3 Arrows for chemical reactions (HO)
)
(c:/Users/Francisco Meneses R/AppData/Roaming/TinyTeX/texmf-dist/tex/latex/url/
url.sty
\Urlmuskip=\muskip17
Package: url 2013/09/16  ver 3.4  Verb mode for urls, etc.
)
(c:/Users/Francisco Meneses R/AppData/Roaming/TinyTeX/texmf-dist/tex/latex/hype
rref/hyperref.sty
Package: hyperref 2022-02-21 v7.00n Hypertext links for LaTeX

(c:/Users/Francisco Meneses R/AppData/Roaming/TinyTeX/texmf-dist/tex/generic/lt
xcmds/ltxcmds.sty
Package: ltxcmds 2020-05-10 v1.25 LaTeX kernel commands for general use (HO)
)
(c:/Users/Francisco Meneses R/AppData/Roaming/TinyTeX/texmf-dist/tex/generic/pd
ftexcmds/pdftexcmds.sty
Package: pdftexcmds 2020-06-27 v0.33 Utility functions of pdfTeX for LuaTeX (HO
)

(c:/Users/Francisco Meneses R/AppData/Roaming/TinyTeX/texmf-dist/tex/generic/in
fwarerr/infwarerr.sty
Package: infwarerr 2019/12/03 v1.5 Providing info/warning/error messages (HO)
)
Package pdftexcmds Info: \pdf@primitive is available.
Package pdftexcmds Info: \pdf@ifprimitive is available.
Package pdftexcmds Info: \pdfdraftmode found.
)
(c:/Users/Francisco Meneses R/AppData/Roaming/TinyTeX/texmf-dist/tex/generic/kv
setkeys/kvsetkeys.sty
Package: kvsetkeys 2019/12/15 v1.18 Key value parser (HO)
)
(c:/Users/Francisco Meneses R/AppData/Roaming/TinyTeX/texmf-dist/tex/generic/kv
definekeys/kvdefinekeys.sty
Package: kvdefinekeys 2019-12-19 v1.6 Define keys (HO)
)
(c:/Users/Francisco Meneses R/AppData/Roaming/TinyTeX/texmf-dist/tex/generic/pd
fescape/pdfescape.sty
Package: pdfescape 2019/12/09 v1.15 Implements pdfTeX's escape features (HO)
)
(c:/Users/Francisco Meneses R/AppData/Roaming/TinyTeX/texmf-dist/tex/latex/hyco
lor/hycolor.sty
Package: hycolor 2020-01-27 v1.10 Color options for hyperref/bookmark (HO)
)
(c:/Users/Francisco Meneses R/AppData/Roaming/TinyTeX/texmf-dist/tex/latex/letl
txmacro/letltxmacro.sty
Package: letltxmacro 2019/12/03 v1.6 Let assignment for LaTeX macros (HO)
)
(c:/Users/Francisco Meneses R/AppData/Roaming/TinyTeX/texmf-dist/tex/latex/auxh
ook/auxhook.sty
Package: auxhook 2019-12-17 v1.6 Hooks for auxiliary files (HO)
)
(c:/Users/Francisco Meneses R/AppData/Roaming/TinyTeX/texmf-dist/tex/latex/kvop
tions/kvoptions.sty
Package: kvoptions 2020-10-07 v3.14 Key value format for package options (HO)
)
\@linkdim=\dimen169
\Hy@linkcounter=\count287
\Hy@pagecounter=\count288

(c:/Users/Francisco Meneses R/AppData/Roaming/TinyTeX/texmf-dist/tex/latex/hype
rref/pd1enc.def
File: pd1enc.def 2022-02-21 v7.00n Hyperref: PDFDocEncoding definition (HO)
Now handling font encoding PD1 ...
... no UTF-8 mapping file for font encoding PD1
)
(c:/Users/Francisco Meneses R/AppData/Roaming/TinyTeX/texmf-dist/tex/generic/in
tcalc/intcalc.sty
Package: intcalc 2019/12/15 v1.3 Expandable calculations with integers (HO)
)
(c:/Users/Francisco Meneses R/AppData/Roaming/TinyTeX/texmf-dist/tex/generic/et
excmds/etexcmds.sty
Package: etexcmds 2019/12/15 v1.7 Avoid name clashes with e-TeX commands (HO)
)
\Hy@SavedSpaceFactor=\count289

(c:/Users/Francisco Meneses R/AppData/Roaming/TinyTeX/texmf-dist/tex/latex/hype
rref/puenc.def
File: puenc.def 2022-02-21 v7.00n Hyperref: PDF Unicode definition (HO)
Now handling font encoding PU ...
... no UTF-8 mapping file for font encoding PU
)
Package hyperref Info: Option `colorlinks' set `true' on input line 4018.
Package hyperref Info: Hyper figures OFF on input line 4137.
Package hyperref Info: Link nesting OFF on input line 4142.
Package hyperref Info: Hyper index ON on input line 4145.
Package hyperref Info: Plain pages OFF on input line 4152.
Package hyperref Info: Backreferencing OFF on input line 4157.
Package hyperref Info: Implicit mode ON; LaTeX internals redefined.
Package hyperref Info: Bookmarks ON on input line 4390.
\c@Hy@tempcnt=\count290
LaTeX Info: Redefining \url on input line 4749.
\XeTeXLinkMargin=\dimen170

(c:/Users/Francisco Meneses R/AppData/Roaming/TinyTeX/texmf-dist/tex/generic/bi
tset/bitset.sty
Package: bitset 2019/12/09 v1.3 Handle bit-vector datatype (HO)

(c:/Users/Francisco Meneses R/AppData/Roaming/TinyTeX/texmf-dist/tex/generic/bi
gintcalc/bigintcalc.sty
Package: bigintcalc 2019/12/15 v1.5 Expandable calculations on big integers (HO
)
))
\Fld@menulength=\count291
\Field@Width=\dimen171
\Fld@charsize=\dimen172
Package hyperref Info: Hyper figures OFF on input line 6027.
Package hyperref Info: Link nesting OFF on input line 6032.
Package hyperref Info: Hyper index ON on input line 6035.
Package hyperref Info: backreferencing OFF on input line 6042.
Package hyperref Info: Link coloring ON on input line 6045.
Package hyperref Info: Link coloring with OCG OFF on input line 6052.
Package hyperref Info: PDF/A mode OFF on input line 6057.
LaTeX Info: Redefining \ref on input line 6097.
LaTeX Info: Redefining \pageref on input line 6101.

(c:/Users/Francisco Meneses R/AppData/Roaming/TinyTeX/texmf-dist/tex/latex/base
/atbegshi-ltx.sty
Package: atbegshi-ltx 2021/01/10 v1.0c Emulation of the original atbegshi
package with kernel methods
)
\Hy@abspage=\count292
\c@Item=\count293
\c@Hfootnote=\count294
)
Package hyperref Info: Driver (autodetected): hpdftex.

(c:/Users/Francisco Meneses R/AppData/Roaming/TinyTeX/texmf-dist/tex/latex/hype
rref/hpdftex.def
File: hpdftex.def 2022-02-21 v7.00n Hyperref driver for pdfTeX

(c:/Users/Francisco Meneses R/AppData/Roaming/TinyTeX/texmf-dist/tex/latex/base
/atveryend-ltx.sty
Package: atveryend-ltx 2020/08/19 v1.0a Emulation of the original atveryend pac
kage
with kernel methods
)
\Fld@listcount=\count295
\c@bookmark@seq@number=\count296

(c:/Users/Francisco Meneses R/AppData/Roaming/TinyTeX/texmf-dist/tex/latex/reru
nfilecheck/rerunfilecheck.sty
Package: rerunfilecheck 2019/12/05 v1.9 Rerun checks for auxiliary files (HO)

(c:/Users/Francisco Meneses R/AppData/Roaming/TinyTeX/texmf-dist/tex/generic/un
iquecounter/uniquecounter.sty
Package: uniquecounter 2019/12/15 v1.4 Provide unlimited unique counter (HO)
)
Package uniquecounter Info: New unique counter `rerunfilecheck' on input line 2
86.
)
\Hy@SectionHShift=\skip69
)
(c:/Users/Francisco Meneses R/AppData/Roaming/TinyTeX/texmf-dist/tex/latex/lm/l
modern.sty
Package: lmodern 2015/05/01 v1.6.1 Latin Modern Fonts
LaTeX Font Info:    Overwriting symbol font `operators' in version `normal'
(Font)                  OT1/cmr/m/n --> OT1/lmr/m/n on input line 22.
LaTeX Font Info:    Overwriting symbol font `letters' in version `normal'
(Font)                  OML/cmm/m/it --> OML/lmm/m/it on input line 23.
LaTeX Font Info:    Overwriting symbol font `symbols' in version `normal'
(Font)                  OMS/cmsy/m/n --> OMS/lmsy/m/n on input line 24.
LaTeX Font Info:    Overwriting symbol font `largesymbols' in version `normal'
(Font)                  OMX/cmex/m/n --> OMX/lmex/m/n on input line 25.
LaTeX Font Info:    Overwriting symbol font `operators' in version `bold'
(Font)                  OT1/cmr/bx/n --> OT1/lmr/bx/n on input line 26.
LaTeX Font Info:    Overwriting symbol font `letters' in version `bold'
(Font)                  OML/cmm/b/it --> OML/lmm/b/it on input line 27.
LaTeX Font Info:    Overwriting symbol font `symbols' in version `bold'
(Font)                  OMS/cmsy/b/n --> OMS/lmsy/b/n on input line 28.
LaTeX Font Info:    Overwriting symbol font `largesymbols' in version `bold'
(Font)                  OMX/cmex/m/n --> OMX/lmex/m/n on input line 29.
LaTeX Font Info:    Overwriting math alphabet `\mathbf' in version `normal'
(Font)                  OT1/cmr/bx/n --> OT1/lmr/bx/n on input line 31.
LaTeX Font Info:    Overwriting math alphabet `\mathsf' in version `normal'
(Font)                  OT1/cmss/m/n --> OT1/lmss/m/n on input line 32.
LaTeX Font Info:    Overwriting math alphabet `\mathit' in version `normal'
(Font)                  OT1/cmr/m/it --> OT1/lmr/m/it on input line 33.
LaTeX Font Info:    Overwriting math alphabet `\mathtt' in version `normal'
(Font)                  OT1/cmtt/m/n --> OT1/lmtt/m/n on input line 34.
LaTeX Font Info:    Overwriting math alphabet `\mathbf' in version `bold'
(Font)                  OT1/cmr/bx/n --> OT1/lmr/bx/n on input line 35.
LaTeX Font Info:    Overwriting math alphabet `\mathsf' in version `bold'
(Font)                  OT1/cmss/bx/n --> OT1/lmss/bx/n on input line 36.
LaTeX Font Info:    Overwriting math alphabet `\mathit' in version `bold'
(Font)                  OT1/cmr/bx/it --> OT1/lmr/bx/it on input line 37.
LaTeX Font Info:    Overwriting math alphabet `\mathtt' in version `bold'
(Font)                  OT1/cmtt/m/n --> OT1/lmtt/m/n on input line 38.
)
(c:/Users/Francisco Meneses R/AppData/Roaming/TinyTeX/texmf-dist/tex/latex/floa
t/float.sty
Package: float 2001/11/08 v1.3d Float enhancements (AL)
\c@float@type=\count297
\float@exts=\toks32
\float@box=\box58
\@float@everytoks=\toks33
\@floatcapt=\box59
)
(c:/Users/Francisco Meneses R/AppData/Roaming/TinyTeX/texmf-dist/tex/latex/grap
hics/rotating.sty
Package: rotating 2016/08/11 v2.16d rotated objects in LaTeX

(c:/Users/Francisco Meneses R/AppData/Roaming/TinyTeX/texmf-dist/tex/latex/base
/ifthen.sty
Package: ifthen 2020/11/24 v1.1c Standard LaTeX ifthen package (DPC)
)
\c@r@tfl@t=\count298
\rotFPtop=\skip70
\rotFPbot=\skip71
\rot@float@box=\box60
\rot@mess@toks=\toks34
)
(c:/Users/Francisco Meneses R/AppData/Roaming/TinyTeX/texmf-dist/tex/latex/plac
eins/placeins.sty
Package: placeins 2005/04/18  v 2.2
)
(c:/Users/Francisco Meneses R/AppData/Roaming/TinyTeX/texmf-dist/tex/latex/natb
ib/natbib.sty
Package: natbib 2010/09/13 8.31b (PWD, AO)
\bibhang=\skip72
\bibsep=\skip73
LaTeX Info: Redefining \cite on input line 694.
\c@NAT@ctr=\count299
)
(c:/Users/Francisco Meneses R/AppData/Roaming/TinyTeX/texmf-dist/tex/latex/capt
ion/caption.sty
Package: caption 2022/03/01 v3.6b Customizing captions (AR)

(c:/Users/Francisco Meneses R/AppData/Roaming/TinyTeX/texmf-dist/tex/latex/capt
ion/caption3.sty
Package: caption3 2022/03/17 v2.3b caption3 kernel (AR)
\caption@tempdima=\dimen173
\captionmargin=\dimen174
\caption@leftmargin=\dimen175
\caption@rightmargin=\dimen176
\caption@width=\dimen177
\caption@indent=\dimen178
\caption@parindent=\dimen179
\caption@hangindent=\dimen180
Package caption Info: Standard document class detected.
)
\c@caption@flags=\count300
\c@continuedfloat=\count301
Package caption Info: float package is loaded.
Package caption Info: hyperref package is loaded.
Package caption Info: longtable package is loaded.

(c:/Users/Francisco Meneses R/AppData/Roaming/TinyTeX/texmf-dist/tex/latex/capt
ion/ltcaption.sty
Package: ltcaption 2021/01/08 v1.4c longtable captions (AR)
)
Package caption Info: rotating package is loaded.
)
(c:/Users/Francisco Meneses R/AppData/Roaming/TinyTeX/texmf-dist/tex/latex/tool
s/array.sty
Package: array 2021/10/04 v2.5f Tabular extension package (FMi)
\col@sep=\dimen181
\ar@mcellbox=\box61
\extrarowheight=\dimen182
\NC@list=\toks35
\extratabsurround=\skip74
\backup@length=\skip75
\ar@cellbox=\box62
)
(c:/Users/Francisco Meneses R/AppData/Roaming/TinyTeX/texmf-dist/tex/latex/mult
irow/multirow.sty
Package: multirow 2021/03/15 v2.8 Span multiple rows of a table
\multirow@colwidth=\skip76
\multirow@cntb=\count302
\multirow@dima=\skip77
\bigstrutjot=\dimen183
)
(c:/Users/Francisco Meneses R/AppData/Roaming/TinyTeX/texmf-dist/tex/latex/wrap
fig/wrapfig.sty
\wrapoverhang=\dimen184
\WF@size=\dimen185
\c@WF@wrappedlines=\count303
\WF@box=\box63
\WF@everypar=\toks36
Package: wrapfig 2003/01/31  v 3.6
)
(c:/Users/Francisco Meneses R/AppData/Roaming/TinyTeX/texmf-dist/tex/latex/colo
rtbl/colortbl.sty
Package: colortbl 2020/01/04 v1.0e Color table columns (DPC)
\everycr=\toks37
\minrowclearance=\skip78
)
(c:/Users/Francisco Meneses R/AppData/Roaming/TinyTeX/texmf-dist/tex/latex/pdfl
scape/pdflscape.sty
Package: pdflscape 2019/12/05 v0.12 Display of landscape pages in PDF (HO)

(c:/Users/Francisco Meneses R/AppData/Roaming/TinyTeX/texmf-dist/tex/latex/grap
hics/lscape.sty
Package: lscape 2020/05/28 v3.02 Landscape Pages (DPC)
)
Package pdflscape Info: Auto-detected driver: pdftex on input line 81.
)
(c:/Users/Francisco Meneses R/AppData/Roaming/TinyTeX/texmf-dist/tex/latex/tabu
/tabu.sty
Package: tabu 2019/01/11 v2.9 - flexible LaTeX tabulars (FC+tabu-fixed)

(c:/Users/Francisco Meneses R/AppData/Roaming/TinyTeX/texmf-dist/tex/latex/varw
idth/varwidth.sty
Package: varwidth 2009/03/30 ver 0.92;  Variable-width minipages
\@vwid@box=\box64
\sift@deathcycles=\count304
\@vwid@loff=\dimen186
\@vwid@roff=\dimen187
)
\c@taburow=\count305
\tabu@nbcols=\count306
\tabu@cnt=\count307
\tabu@Xcol=\count308
\tabu@alloc=\count309
\tabu@nested=\count310
\tabu@target=\dimen188
\tabu@spreadtarget=\dimen189
\tabu@naturalX=\dimen190
\tabucolX=\dimen191
\tabu@Xsum=\dimen192
\extrarowdepth=\dimen193
\abovetabulinesep=\dimen194
\belowtabulinesep=\dimen195
\tabustrutrule=\dimen196
\tabu@thebody=\toks38
\tabu@footnotes=\toks39
\tabu@box=\box65
\tabu@arstrutbox=\box66
\tabu@hleads=\box67
\tabu@vleads=\box68
\tabu@cellskip=\skip79
)
(c:/Users/Francisco Meneses R/AppData/Roaming/TinyTeX/texmf-dist/tex/latex/thre
eparttable/threeparttable.sty
Package: threeparttable 2003/06/13  v 3.0
\@tempboxb=\box69
)
(c:/Users/Francisco Meneses R/AppData/Roaming/TinyTeX/texmf-dist/tex/latex/thre
eparttablex/threeparttablex.sty
Package: threeparttablex 2013/07/23 v0.3 by daleif

(c:/Users/Francisco Meneses R/AppData/Roaming/TinyTeX/texmf-dist/tex/latex/envi
ron/environ.sty
Package: environ 2014/05/04 v0.3 A new way to define environments

(c:/Users/Francisco Meneses R/AppData/Roaming/TinyTeX/texmf-dist/tex/latex/trim
spaces/trimspaces.sty
Package: trimspaces 2009/09/17 v1.1 Trim spaces around a token list
))
\TPTL@width=\skip80
)
(c:/Users/Francisco Meneses R/AppData/Roaming/TinyTeX/texmf-dist/tex/generic/ul
em/ulem.sty
\UL@box=\box70
\UL@hyphenbox=\box71
\UL@skip=\skip81
\UL@hook=\toks40
\UL@height=\dimen197
\UL@pe=\count311
\UL@pixel=\dimen198
\ULC@box=\box72
Package: ulem 2019/11/18
\ULdepth=\dimen199
)
(c:/Users/Francisco Meneses R/AppData/Roaming/TinyTeX/texmf-dist/tex/latex/make
cell/makecell.sty
Package: makecell 2009/08/03 V0.1e Managing of Tab Column Heads and Cells
\rotheadsize=\dimen256
\c@nlinenum=\count312
\TeXr@lab=\toks41
)
(c:/Users/Francisco Meneses R/AppData/Roaming/TinyTeX/texmf-dist/tex/latex/xcol
or/xcolor.sty
Package: xcolor 2021/10/31 v2.13 LaTeX color extensions (UK)

(c:/Users/Francisco Meneses R/AppData/Roaming/TinyTeX/texmf-dist/tex/latex/grap
hics-cfg/color.cfg
File: color.cfg 2016/01/02 v1.6 sample color configuration
)
Package xcolor Info: Driver file: pdftex.def on input line 227.
LaTeX Info: Redefining \color on input line 711.
Package xcolor Info: Model `cmy' substituted by `cmy0' on input line 1352.
Package xcolor Info: Model `hsb' substituted by `rgb' on input line 1356.
Package xcolor Info: Model `RGB' extended on input line 1368.
Package xcolor Info: Model `HTML' substituted by `rgb' on input line 1370.
Package xcolor Info: Model `Hsb' substituted by `hsb' on input line 1371.
Package xcolor Info: Model `tHsb' substituted by `hsb' on input line 1372.
Package xcolor Info: Model `HSB' substituted by `hsb' on input line 1373.
Package xcolor Info: Model `Gray' substituted by `gray' on input line 1374.
Package xcolor Info: Model `wave' substituted by `hsb' on input line 1375.
)
LaTeX Font Info:    Trying to load font information for T1+lmr on input line 17
7.

(c:/Users/Francisco Meneses R/AppData/Roaming/TinyTeX/texmf-dist/tex/latex/lm/t
1lmr.fd
File: t1lmr.fd 2015/05/01 v1.6.1 Font defs for Latin Modern
)
(c:/Users/Francisco Meneses R/AppData/Roaming/TinyTeX/texmf-dist/tex/latex/l3ba
ckend/l3backend-pdftex.def
File: l3backend-pdftex.def 2022-02-07 L3 backend support: PDF output (pdfTeX)
\l__color_backend_stack_int=\count313
\l__pdf_internal_box=\box73
) (./tesis.aux
LaTeX Info: Redefining \. on input line 26.
LaTeX Info: Redefining \% on input line 26.

LaTeX Warning: Label `tab:unnamed-chunk-11' multiply defined.


LaTeX Warning: Label `tab:unnamed-chunk-11' multiply defined.


LaTeX Warning: Label `tab:unnamed-chunk-13' multiply defined.


LaTeX Warning: Label `tab:unnamed-chunk-13' multiply defined.


LaTeX Warning: Label `tab:unnamed-chunk-15' multiply defined.


LaTeX Warning: Label `tab:unnamed-chunk-15' multiply defined.


LaTeX Warning: Label `tab:unnamed-chunk-16' multiply defined.


LaTeX Warning: Label `tab:unnamed-chunk-16' multiply defined.

)
\openout1 = `tesis.aux'.

LaTeX Font Info:    Checking defaults for OML/cmm/m/it on input line 177.
LaTeX Font Info:    ... okay on input line 177.
LaTeX Font Info:    Checking defaults for OMS/cmsy/m/n on input line 177.
LaTeX Font Info:    ... okay on input line 177.
LaTeX Font Info:    Checking defaults for OT1/cmr/m/n on input line 177.
LaTeX Font Info:    ... okay on input line 177.
LaTeX Font Info:    Checking defaults for T1/cmr/m/n on input line 177.
LaTeX Font Info:    ... okay on input line 177.
LaTeX Font Info:    Checking defaults for TS1/cmr/m/n on input line 177.
LaTeX Font Info:    ... okay on input line 177.
LaTeX Font Info:    Checking defaults for OMX/cmex/m/n on input line 177.
LaTeX Font Info:    ... okay on input line 177.
LaTeX Font Info:    Checking defaults for U/cmr/m/n on input line 177.
LaTeX Font Info:    ... okay on input line 177.
LaTeX Font Info:    Checking defaults for PD1/pdf/m/n on input line 177.
LaTeX Font Info:    ... okay on input line 177.
LaTeX Font Info:    Checking defaults for PU/pdf/m/n on input line 177.
LaTeX Font Info:    ... okay on input line 177.

(c:/Users/Francisco Meneses R/AppData/Roaming/TinyTeX/texmf-dist/tex/latex/epst
opdf-pkg/epstopdf-base.sty
Package: epstopdf-base 2020-01-24 v2.11 Base part for package epstopdf
Package epstopdf-base Info: Redefining graphics rule for `.eps' on input line 4
85.

(c:/Users/Francisco Meneses R/AppData/Roaming/TinyTeX/texmf-dist/tex/latex/late
xconfig/epstopdf-sys.cfg
File: epstopdf-sys.cfg 2010/07/13 v1.3 Configuration of (r)epstopdf for TeX Liv
e
))
LaTeX Info: Redefining \. on input line 177.
LaTeX Info: Redefining \% on input line 177.
Package hyperref Info: Link coloring ON on input line 177.

(c:/Users/Francisco Meneses R/AppData/Roaming/TinyTeX/texmf-dist/tex/latex/hype
rref/nameref.sty
Package: nameref 2021-04-02 v2.47 Cross-referencing by name of section

(c:/Users/Francisco Meneses R/AppData/Roaming/TinyTeX/texmf-dist/tex/latex/refc
ount/refcount.sty
Package: refcount 2019/12/15 v3.6 Data extraction from label references (HO)
)
(c:/Users/Francisco Meneses R/AppData/Roaming/TinyTeX/texmf-dist/tex/generic/ge
ttitlestring/gettitlestring.sty
Package: gettitlestring 2019/12/15 v1.6 Cleanup title references (HO)
)
\c@section@level=\count314
)
LaTeX Info: Redefining \ref on input line 177.
LaTeX Info: Redefining \pageref on input line 177.
LaTeX Info: Redefining \nameref on input line 177.
(./tesis.out) (./tesis.out)
\@outlinefile=\write4
\openout4 = `tesis.out'.

Package caption Info: Begin \AtBeginDocument code.
Package caption Info: threeparttable package is loaded.
Package caption Info: wrapfig package is loaded.
Package caption Info: End \AtBeginDocument code.
<images/facso.png, id=72, 437.635pt x 582.175pt>
File: images/facso.png Graphic file (type png)
<use images/facso.png>
Package pdftex.def Info: images/facso.png  used on input line 181.
(pdftex.def)             Requested size: 175.05089pt x 232.86588pt.
[1
Non-PDF special ignored!
<special> !% Reed College LaTeX Thesis Class 2001/12/04 SN
Non-PDF special ignored!
<special> rawpostscript % Reed College LaTeX Thesis Class 2001/12/04 SN


{c:/Users/Francisco Meneses R/AppData/Roaming/TinyTeX/texmf-var/fonts/map/pdfte
x/updmap/pdftex.map} <./images/facso.png>] [2

] (./tesis.toc
LaTeX Info: Redefining \. on input line 1.
LaTeX Info: Redefining \% on input line 1.
LaTeX Font Info:    Trying to load font information for OT1+lmr on input line 6
.

(c:/Users/Francisco Meneses R/AppData/Roaming/TinyTeX/texmf-dist/tex/latex/lm/o
t1lmr.fd
File: ot1lmr.fd 2015/05/01 v1.6.1 Font defs for Latin Modern
)
LaTeX Font Info:    Trying to load font information for OML+lmm on input line 6
.

(c:/Users/Francisco Meneses R/AppData/Roaming/TinyTeX/texmf-dist/tex/latex/lm/o
mllmm.fd
File: omllmm.fd 2015/05/01 v1.6.1 Font defs for Latin Modern
)
LaTeX Font Info:    Trying to load font information for OMS+lmsy on input line 
6.

(c:/Users/Francisco Meneses R/AppData/Roaming/TinyTeX/texmf-dist/tex/latex/lm/o
mslmsy.fd
File: omslmsy.fd 2015/05/01 v1.6.1 Font defs for Latin Modern
)
LaTeX Font Info:    Trying to load font information for OMX+lmex on input line 
6.

(c:/Users/Francisco Meneses R/AppData/Roaming/TinyTeX/texmf-dist/tex/latex/lm/o
mxlmex.fd
File: omxlmex.fd 2015/05/01 v1.6.1 Font defs for Latin Modern
)
LaTeX Font Info:    External font `lmex10' loaded for size
(Font)              <12> on input line 6.
LaTeX Font Info:    External font `lmex10' loaded for size
(Font)              <8> on input line 6.
LaTeX Font Info:    External font `lmex10' loaded for size
(Font)              <6> on input line 6.
LaTeX Font Info:    Trying to load font information for U+lasy on input line 6.


(c:/Users/Francisco Meneses R/AppData/Roaming/TinyTeX/texmf-dist/tex/latex/base
/ulasy.fd
File: ulasy.fd 1998/08/17 v2.2e LaTeX symbol font definitions
)
LaTeX Font Info:    Trying to load font information for U+msa on input line 6.

(c:/Users/Francisco Meneses R/AppData/Roaming/TinyTeX/texmf-dist/tex/latex/amsf
onts/umsa.fd
File: umsa.fd 2013/01/14 v3.01 AMS symbols A
)
LaTeX Font Info:    Trying to load font information for U+msb on input line 6.

(c:/Users/Francisco Meneses R/AppData/Roaming/TinyTeX/texmf-dist/tex/latex/amsf
onts/umsb.fd
File: umsb.fd 2013/01/14 v3.01 AMS symbols B
) [1



])
\tf@toc=\write5
\openout5 = `tesis.toc'.

[2] (./tesis.lot
LaTeX Info: Redefining \. on input line 1.
LaTeX Info: Redefining \% on input line 1.

Underfull \vbox (badness 10000) has occurred while \output is active []

[3

]
Underfull \vbox (badness 10000) has occurred while \output is active []

[4])
\tf@lot=\write6
\openout6 = `tesis.lot'.

[5] [6

] (./tesis.lof
LaTeX Info: Redefining \. on input line 1.
LaTeX Info: Redefining \% on input line 1.
)
\tf@lof=\write7
\openout7 = `tesis.lof'.

[7] [8]
LaTeX Font Info:    Trying to load font information for TS1+lmr on input line 2
07.

(c:/Users/Francisco Meneses R/AppData/Roaming/TinyTeX/texmf-dist/tex/latex/lm/t
s1lmr.fd
File: ts1lmr.fd 2015/05/01 v1.6.1 Font defs for Latin Modern
)
Underfull \vbox (badness 5878) has occurred while \output is active []

pdfTeX warning (ext4): destination with the same identifier (name{page.1}) has 
been already used, duplicate ignored
<to be read again> 
                   \relax 
l.208 
       [1


]pdfTeX warning (ext4): destination with the same identifier (name{page.2}) has
 been already used, duplicate ignored
<to be read again> 
                   \relax 
l.212 ...{Agradecimientos}\label{agradecimientos}}
                                                   [2] [3

] [4

]
Cap\'{\i }tulo 1.
[5]
Underfull \vbox (badness 10000) has occurred while \output is active []

LaTeX Info: Redefining \. on input line 223.
LaTeX Info: Redefining \% on input line 223.
[6] [7]
LaTeX Info: Redefining \. on input line 236.
LaTeX Info: Redefining \% on input line 236.
[8] [9]
Underfull \vbox (badness 2970) has occurred while \output is active []

LaTeX Info: Redefining \. on input line 243.
LaTeX Info: Redefining \% on input line 243.
[10] [11]
LaTeX Info: Redefining \. on input line 274.
LaTeX Info: Redefining \% on input line 274.
[12]
Cap\'{\i }tulo 2.
LaTeX Font Info:    External font `lmex10' loaded for size
(Font)              <24.88> on input line 274.
LaTeX Font Info:    External font `lmex10' loaded for size
(Font)              <20.74> on input line 274.
LaTeX Font Info:    External font `lmex10' loaded for size
(Font)              <17.28> on input line 274.
LaTeX Font Info:    External font `lmex10' loaded for size
(Font)              <10> on input line 274.
LaTeX Font Info:    External font `lmex10' loaded for size
(Font)              <7> on input line 274.
LaTeX Font Info:    External font `lmex10' loaded for size
(Font)              <5> on input line 274.
[13

]
LaTeX Info: Redefining \. on input line 288.
LaTeX Info: Redefining \% on input line 288.
[14]
LaTeX Info: Redefining \. on input line 295.
LaTeX Info: Redefining \% on input line 295.
[15]
Underfull \vbox (badness 2970) has occurred while \output is active []

LaTeX Info: Redefining \. on input line 297.
LaTeX Info: Redefining \% on input line 297.
[16]
Underfull \vbox (badness 10000) has occurred while \output is active []

LaTeX Info: Redefining \. on input line 299.
LaTeX Info: Redefining \% on input line 299.
[17]
LaTeX Info: Redefining \. on input line 304.
LaTeX Info: Redefining \% on input line 304.
[18]
Underfull \vbox (badness 10000) has occurred while \output is active []

LaTeX Info: Redefining \. on input line 311.
LaTeX Info: Redefining \% on input line 311.
[19]
LaTeX Info: Redefining \. on input line 316.
LaTeX Info: Redefining \% on input line 316.
[20]
Underfull \vbox (badness 2970) has occurred while \output is active []

LaTeX Info: Redefining \. on input line 318.
LaTeX Info: Redefining \% on input line 318.
[21]
Underfull \vbox (badness 1052) has occurred while \output is active []

LaTeX Info: Redefining \. on input line 320.
LaTeX Info: Redefining \% on input line 320.
[22]
Underfull \vbox (badness 2970) has occurred while \output is active []

LaTeX Info: Redefining \. on input line 322.
LaTeX Info: Redefining \% on input line 322.
[23]
LaTeX Info: Redefining \. on input line 325.
LaTeX Info: Redefining \% on input line 325.
[24]
<input/images/modelo_1.png, id=329, 481.8pt x 388.45125pt>
File: input/images/modelo_1.png Graphic file (type png)
<use input/images/modelo_1.png>
Package pdftex.def Info: input/images/modelo_1.png  used on input line 329.
(pdftex.def)             Requested size: 390.25534pt x 314.6497pt.
LaTeX Info: Redefining \. on input line 345.
LaTeX Info: Redefining \% on input line 345.
[25 <./input/images/modelo_1.png>]
Underfull \vbox (badness 1558) has occurred while \output is active []

LaTeX Info: Redefining \. on input line 347.
LaTeX Info: Redefining \% on input line 347.
[26]
Underfull \vbox (badness 2970) has occurred while \output is active []

LaTeX Info: Redefining \. on input line 349.
LaTeX Info: Redefining \% on input line 349.
[27]
Underfull \vbox (badness 2970) has occurred while \output is active []

LaTeX Info: Redefining \. on input line 351.
LaTeX Info: Redefining \% on input line 351.
[28]
Underfull \vbox (badness 2970) has occurred while \output is active []

LaTeX Info: Redefining \. on input line 353.
LaTeX Info: Redefining \% on input line 353.
[29]
<input/images/modelo_2.png, id=355, 479.54156pt x 334.24875pt>
File: input/images/modelo_2.png Graphic file (type png)
<use input/images/modelo_2.png>
Package pdftex.def Info: input/images/modelo_2.png  used on input line 358.
(pdftex.def)             Requested size: 390.25534pt x 272.01505pt.

Underfull \vbox (badness 10000) has occurred while \output is active []

LaTeX Info: Redefining \. on input line 364.
LaTeX Info: Redefining \% on input line 364.
[30]
LaTeX Info: Redefining \. on input line 372.
LaTeX Info: Redefining \% on input line 372.
[31 <./input/images/modelo_2.png>]
<input/images/modelo_3.png, id=364, 650.43pt x 279.29344pt>
File: input/images/modelo_3.png Graphic file (type png)
<use input/images/modelo_3.png>
Package pdftex.def Info: input/images/modelo_3.png  used on input line 377.
(pdftex.def)             Requested size: 346.89731pt x 148.95811pt.

Underfull \vbox (badness 10000) has occurred while \output is active []

LaTeX Info: Redefining \. on input line 383.
LaTeX Info: Redefining \% on input line 383.
[32]
LaTeX Info: Redefining \. on input line 391.
LaTeX Info: Redefining \% on input line 391.
[33 <./input/images/modelo_3.png>] [34

]
Cap\'{\i }tulo 3.
[35]
LaTeX Info: Redefining \. on input line 407.
LaTeX Info: Redefining \% on input line 407.
[36]
Underfull \vbox (badness 2970) has occurred while \output is active []

LaTeX Info: Redefining \. on input line 411.
LaTeX Info: Redefining \% on input line 411.
[37]
LaTeX Info: Redefining \. on input line 440.
LaTeX Info: Redefining \% on input line 440.
[38]
LaTeX Info: Redefining \. on input line 480.
LaTeX Info: Redefining \% on input line 480.
[39]
LaTeX Info: Redefining \. on input line 505.
LaTeX Info: Redefining \% on input line 505.
[40]
Underfull \hbox (badness 2126) in paragraph at lines 513--515
[]\T1/lmr/bx/it/12 El ni-vel edu-ca-ti-vo al-can-za-do más al-to en-tre los dos
 pa-dres
 []

LaTeX Info: Redefining \. on input line 517.
LaTeX Info: Redefining \% on input line 517.
[41]
LaTeX Info: Redefining \. on input line 518.
LaTeX Info: Redefining \% on input line 518.
[42]
LaTeX Info: Redefining \. on input line 534.
LaTeX Info: Redefining \% on input line 534.
[43]
Underfull \vbox (badness 1616) has occurred while \output is active []

LaTeX Info: Redefining \. on input line 542.
LaTeX Info: Redefining \% on input line 542.
[44]
LaTeX Info: Redefining \. on input line 567.
LaTeX Info: Redefining \% on input line 567.
[45]
Underfull \vbox (badness 1616) has occurred while \output is active []

LaTeX Info: Redefining \. on input line 577.
LaTeX Info: Redefining \% on input line 577.
[46]
LaTeX Info: Redefining \. on input line 597.
LaTeX Info: Redefining \% on input line 597.
[47]
LaTeX Info: Redefining \. on input line 620.
LaTeX Info: Redefining \% on input line 620.
[48]
LaTeX Info: Redefining \. on input line 636.
LaTeX Info: Redefining \% on input line 636.
[49]
LaTeX Info: Redefining \. on input line 640.
LaTeX Info: Redefining \% on input line 640.
[50]
LaTeX Info: Redefining \. on input line 644.
LaTeX Info: Redefining \% on input line 644.
[51]
LaTeX Info: Redefining \. on input line 656.
LaTeX Info: Redefining \% on input line 656.
[52]

Package hyperref Warning: Suppressing link with empty target on input line 661.


LaTeX Info: Redefining \. on input line 664.
LaTeX Info: Redefining \% on input line 664.
[53] [54

]
Cap\'{\i }tulo 4.
<input/images/desc01_dep.png, id=484, 1071.25218pt x 453.94594pt>
File: input/images/desc01_dep.png Graphic file (type png)
<use input/images/desc01_dep.png>
Package pdftex.def Info: input/images/desc01_dep.png  used on input line 673.
(pdftex.def)             Requested size: 433.62592pt x 252.94734pt.
[55]
<input/images/desc01_indep_ind.png, id=490, 1048.66782pt x 910.15031pt>
File: input/images/desc01_indep_ind.png Graphic file (type png)
<use input/images/desc01_indep_ind.png>
Package pdftex.def Info: input/images/desc01_indep_ind.png  used on input line 
681.
(pdftex.def)             Requested size: 433.62091pt x 252.93773pt.
LaTeX Info: Redefining \. on input line 683.
LaTeX Info: Redefining \% on input line 683.
[56 <./input/images/desc01_dep.png>]
<input/images/desc01_indep_col.png, id=496, 1029.09468pt x 962.84718pt>
File: input/images/desc01_indep_col.png Graphic file (type png)
<use input/images/desc01_indep_col.png>
Package pdftex.def Info: input/images/desc01_indep_col.png  used on input line 
689.
(pdftex.def)             Requested size: 433.63007pt x 252.93481pt.
LaTeX Info: Redefining \. on input line 691.
LaTeX Info: Redefining \% on input line 691.
[57 <./input/images/desc01_indep_ind.png>]
LaTeX Info: Redefining \. on input line 699.
LaTeX Info: Redefining \% on input line 699.
[58 <./input/images/desc01_indep_col.png>]
<input/images/app_mod.png, id=509, 730.73pt x 1483.5425pt>
File: input/images/app_mod.png Graphic file (type png)
<use input/images/app_mod.png>
Package pdftex.def Info: input/images/app_mod.png  used on input line 706.
(pdftex.def)             Requested size: 433.62457pt x 455.29811pt.
LaTeX Info: Redefining \. on input line 708.
LaTeX Info: Redefining \% on input line 708.
[59]
Underfull \vbox (badness 10000) has occurred while \output is active []

LaTeX Info: Redefining \. on input line 711.
LaTeX Info: Redefining \% on input line 711.
[60 <./input/images/app_mod.png>]
Underfull \vbox (badness 2970) has occurred while \output is active []

LaTeX Info: Redefining \. on input line 713.
LaTeX Info: Redefining \% on input line 713.
[61]
<input/images/EFECTOSTABLAREGRESION.png, id=523, 739.63828pt x 511.98778pt>
File: input/images/EFECTOSTABLAREGRESION.png Graphic file (type png)
<use input/images/EFECTOSTABLAREGRESION.png>
Package pdftex.def Info: input/images/EFECTOSTABLAREGRESION.png  used on input 
line 718.
(pdftex.def)             Requested size: 390.25534pt x 270.14131pt.

Underfull \vbox (badness 10000) has occurred while \output is active []

LaTeX Info: Redefining \. on input line 724.
LaTeX Info: Redefining \% on input line 724.
[62]
LaTeX Info: Redefining \. on input line 725.
LaTeX Info: Redefining \% on input line 725.
[63 <./input/images/EFECTOSTABLAREGRESION.png>]
LaTeX Info: Redefining \. on input line 734.
LaTeX Info: Redefining \% on input line 734.
[64]
LaTeX Info: Redefining \. on input line 739.
LaTeX Info: Redefining \% on input line 739.
[65]
<input/images/INTERACCION1.png, id=544, 504.38437pt x 441.14813pt>
File: input/images/INTERACCION1.png Graphic file (type png)
<use input/images/INTERACCION1.png>
Package pdftex.def Info: input/images/INTERACCION1.png  used on input line 754.

(pdftex.def)             Requested size: 433.62357pt x 505.90955pt.
LaTeX Info: Redefining \. on input line 756.
LaTeX Info: Redefining \% on input line 756.
[66]
LaTeX Info: Redefining \. on input line 756.
LaTeX Info: Redefining \% on input line 756.
[67]
LaTeX Info: Redefining \. on input line 756.
LaTeX Info: Redefining \% on input line 756.
[68]
LaTeX Info: Redefining \. on input line 756.
LaTeX Info: Redefining \% on input line 756.
[69 <./input/images/INTERACCION1.png>]
LaTeX Info: Redefining \. on input line 763.
LaTeX Info: Redefining \% on input line 763.
[70]
<input/images/PLOTINT1.png, id=572, 644.4075pt x 466.74374pt>
File: input/images/PLOTINT1.png Graphic file (type png)
<use input/images/PLOTINT1.png>
Package pdftex.def Info: input/images/PLOTINT1.png  used on input line 770.
(pdftex.def)             Requested size: 390.25534pt x 282.66927pt.

Underfull \vbox (badness 10000) has occurred while \output is active []

LaTeX Info: Redefining \. on input line 776.
LaTeX Info: Redefining \% on input line 776.
[71]
LaTeX Info: Redefining \. on input line 777.
LaTeX Info: Redefining \% on input line 777.
[72 <./input/images/PLOTINT1.png>]
<input/images/INTERACCION2.png, id=582, 561.59813pt x 521.69907pt>
File: input/images/INTERACCION2.png Graphic file (type png)
<use input/images/INTERACCION2.png>
Package pdftex.def Info: input/images/INTERACCION2.png  used on input line 792.

(pdftex.def)             Requested size: 433.61446pt x 505.89622pt.
LaTeX Info: Redefining \. on input line 794.
LaTeX Info: Redefining \% on input line 794.
[73]
LaTeX Info: Redefining \. on input line 794.
LaTeX Info: Redefining \% on input line 794.
[74]
LaTeX Info: Redefining \. on input line 794.
LaTeX Info: Redefining \% on input line 794.
[75 <./input/images/INTERACCION2.png>]
<input/images/PLOTINT2.png, id=599, 648.92438pt x 460.72125pt>
File: input/images/PLOTINT2.png Graphic file (type png)
<use input/images/PLOTINT2.png>
Package pdftex.def Info: input/images/PLOTINT2.png  used on input line 800.
(pdftex.def)             Requested size: 390.25534pt x 277.07462pt.
LaTeX Info: Redefining \. on input line 811.
LaTeX Info: Redefining \% on input line 811.
[76 <./input/images/PLOTINT2.png>]
<input/images/INTERACCION3.png, id=606, 397.485pt x 368.87813pt>
File: input/images/INTERACCION3.png Graphic file (type png)
<use input/images/INTERACCION3.png>
Package pdftex.def Info: input/images/INTERACCION3.png  used on input line 824.

(pdftex.def)             Requested size: 433.63216pt x 505.88907pt.
LaTeX Info: Redefining \. on input line 826.
LaTeX Info: Redefining \% on input line 826.
[77]
LaTeX Info: Redefining \. on input line 826.
LaTeX Info: Redefining \% on input line 826.
[78]
LaTeX Info: Redefining \. on input line 826.
LaTeX Info: Redefining \% on input line 826.
[79 <./input/images/INTERACCION3.png>]
<input/images/INTERACCION4.png, id=621, 430.60875pt x 400.49625pt>
File: input/images/INTERACCION4.png Graphic file (type png)
<use input/images/INTERACCION4.png>
Package pdftex.def Info: input/images/INTERACCION4.png  used on input line 843.

(pdftex.def)             Requested size: 433.63013pt x 505.9235pt.
LaTeX Info: Redefining \. on input line 845.
LaTeX Info: Redefining \% on input line 845.
[80]
LaTeX Info: Redefining \. on input line 845.
LaTeX Info: Redefining \% on input line 845.
[81]
LaTeX Info: Redefining \. on input line 845.
LaTeX Info: Redefining \% on input line 845.
[82 <./input/images/INTERACCION4.png>]
<input/images/PLOTINT4.png, id=638, 643.6547pt x 459.21562pt>
File: input/images/PLOTINT4.png Graphic file (type png)
<use input/images/PLOTINT4.png>
Package pdftex.def Info: input/images/PLOTINT4.png  used on input line 851.
(pdftex.def)             Requested size: 390.25534pt x 278.43942pt.
LaTeX Info: Redefining \. on input line 859.
LaTeX Info: Redefining \% on input line 859.
[83 <./input/images/PLOTINT4.png>] [84

]
Cap\'{\i }tulo 5.
[85]
Underfull \vbox (badness 10000) has occurred while \output is active []

LaTeX Info: Redefining \. on input line 866.
LaTeX Info: Redefining \% on input line 866.
[86]
Underfull \vbox (badness 2970) has occurred while \output is active []

[87]
LaTeX Info: Redefining \. on input line 875.
LaTeX Info: Redefining \% on input line 875.
[88]
Underfull \vbox (badness 10000) has occurred while \output is active []

LaTeX Info: Redefining \. on input line 879.
LaTeX Info: Redefining \% on input line 879.
[89]
Underfull \vbox (badness 2970) has occurred while \output is active []

LaTeX Info: Redefining \. on input line 881.
LaTeX Info: Redefining \% on input line 881.
[90]
LaTeX Info: Redefining \. on input line 883.
LaTeX Info: Redefining \% on input line 883.
[91] [92

]
LaTeX Font Info:    Trying to load font information for T1+lmtt on input line 8
86.

(c:/Users/Francisco Meneses R/AppData/Roaming/TinyTeX/texmf-dist/tex/latex/lm/t
1lmtt.fd
File: t1lmtt.fd 2015/05/01 v1.6.1 Font defs for Latin Modern
)
Underfull \hbox (badness 1127) in paragraph at lines 886--887
[]\T1/lmr/m/n/12 Abramo, L. (2017). CE-PAL: Pe-se a avan-ces re-cien-tes, Amé-r
i-ca La-ti-na si-gue
 []


Underfull \hbox (badness 10000) in paragraph at lines 886--887
[][]$\T1/lmtt/m/n/12 https : / / www . cepal . org / es / comunicados / cepal -
[] pese -[] avances -[] recientes -[]
 []

[93]
LaTeX Info: Redefining \. on input line 911.
LaTeX Info: Redefining \% on input line 911.
[94]
LaTeX Info: Redefining \. on input line 925.
LaTeX Info: Redefining \% on input line 925.
[95]
LaTeX Info: Redefining \. on input line 940.
LaTeX Info: Redefining \% on input line 940.
[96]
Underfull \hbox (badness 2142) in paragraph at lines 941--942
[]\T1/lmr/m/n/12 Ministerio de Edu-ca-ción (Mi-ne-duc). (2016b). Orien-ta-cio-n
es pa-ra la ela-bo-ra-
 []


Underfull \hbox (badness 1297) in paragraph at lines 941--942
\T1/lmr/m/n/12 ción del plan de For-ma-ción Ciu-da-da-na. Re-vi-sa-do el 20 de 
ju-nio, 2020, en:
 []


Underfull \hbox (badness 10000) in paragraph at lines 941--942
[][]$\T1/lmtt/m/n/12 https : / / formacionciudadana . mineduc . cl / wp -[] con
tent / uploads / sites / 46 /
 []


Underfull \hbox (badness 10000) in paragraph at lines 950--951
\T1/lmtt/m/n/12 files / documentos / declaracion -[] de -[] naciones -[] unidas
 -[] sobre -[] educacion -[] y -[]
 []

LaTeX Info: Redefining \. on input line 951.
LaTeX Info: Redefining \% on input line 951.
[97]
Underfull \hbox (badness 1577) in paragraph at lines 956--958
\T1/lmr/m/n/12 sa-do el 20 de sep-tiem-bre, 2019, en: [][]$\T1/lmtt/m/n/12 http
 : / / portal . unesco . org / es / ev . php -[]
 []


Underfull \hbox (badness 10000) in paragraph at lines 956--958
\T1/lmtt/m/n/12 URL _ ID = 13175 & URL _ DO = DO _ TOPIC & URL _ SECTION = 201 
. html$[][] \T1/lmr/m/n/12 Or-ga-ni-za-ción de los
 []

LaTeX Info: Redefining \. on input line 963.
LaTeX Info: Redefining \% on input line 963.
[98]
LaTeX Info: Redefining \. on input line 977.
LaTeX Info: Redefining \% on input line 977.
[99]
LaTeX Info: Redefining \. on input line 991.
LaTeX Info: Redefining \% on input line 991.
[100]
LaTeX Info: Redefining \. on input line 1001.
LaTeX Info: Redefining \% on input line 1001.
[101] [102

] [103]
LaTeX Info: Redefining \. on input line 1029.
LaTeX Info: Redefining \% on input line 1029.
[104]
LaTeX Info: Redefining \. on input line 1049.
LaTeX Info: Redefining \% on input line 1049.
[105]
LaTeX Info: Redefining \. on input line 1050.
LaTeX Info: Redefining \% on input line 1050.
[106]
No file tesis.bbl.
LaTeX Info: Redefining \. on input line 1088.
LaTeX Info: Redefining \% on input line 1088.
[107] (./tesis.aux
LaTeX Info: Redefining \. on input line 26.
LaTeX Info: Redefining \% on input line 26.
)

LaTeX Warning: There were multiply-defined labels.

Package rerunfilecheck Info: File `tesis.out' has not changed.
(rerunfilecheck)             Checksum: A77CA9010BE6367582B443D2EBAF0DC0;2463.
 ) 
Here is how much of TeX's memory you used:
 16232 strings out of 480218
 271231 string characters out of 5891984
 558235 words of memory out of 5000000
 33642 multiletter control sequences out of 15000+600000
 560198 words of font info for 103 fonts, out of 8000000 for 9000
 14 hyphenation exceptions out of 8191
 60i,12n,69p,2465b,689s stack positions out of 5000i,500n,10000p,200000b,80000s
{c:/Users/Francisco Meneses R/AppData/Roaming/TinyTeX/texmf-dist/fonts/enc/dv
ips/lm/lm-ec.enc}{c:/Users/Francisco Meneses R/AppData/Roaming/TinyTeX/texmf-di
st/fonts/enc/dvips/lm/lm-ts1.enc}<c:/Users/Francisco Meneses R/AppData/Roaming/
TinyTeX/texmf-dist/fonts/type1/public/lm/lmbx12.pfb><c:/Users/Francisco Meneses
 R/AppData/Roaming/TinyTeX/texmf-dist/fonts/type1/public/lm/lmbxi10.pfb><c:/Use
rs/Francisco Meneses R/AppData/Roaming/TinyTeX/texmf-dist/fonts/type1/public/lm
/lmr10.pfb><c:/Users/Francisco Meneses R/AppData/Roaming/TinyTeX/texmf-dist/fon
ts/type1/public/lm/lmr12.pfb><c:/Users/Francisco Meneses R/AppData/Roaming/Tiny
TeX/texmf-dist/fonts/type1/public/lm/lmr17.pfb><c:/Users/Francisco Meneses R/Ap
pData/Roaming/TinyTeX/texmf-dist/fonts/type1/public/lm/lmr7.pfb><c:/Users/Franc
isco Meneses R/AppData/Roaming/TinyTeX/texmf-dist/fonts/type1/public/lm/lmr8.pf
b><c:/Users/Francisco Meneses R/AppData/Roaming/TinyTeX/texmf-dist/fonts/type1/
public/lm/lmri12.pfb><c:/Users/Francisco Meneses R/AppData/Roaming/TinyTeX/texm
f-dist/fonts/type1/public/lm/lmro12.pfb><c:/Users/Francisco Meneses R/AppData/R
oaming/TinyTeX/texmf-dist/fonts/type1/public/lm/lmtt12.pfb>
Output written on tesis.pdf (117 pages, 1405587 bytes).
PDF statistics:
 893 PDF objects out of 1000 (max. 8388607)
 715 compressed objects within 8 object streams
 209 named destinations out of 1000 (max. 500000)
 217 words of extra memory for PDF output out of 10000 (max. 10000000)

